BDOS:		equ 00005H
FCB:		equ 0005CH
H_TIMI:		equ 0FD9FH
MDRV_ALLOFF:	equ 04006H
MDRV_INIT:	equ 04000H
MDRV_INT:	equ 04003H
MDRV_VERSTR:	equ 04011H
MOON_BASE:	equ 000C4H
PG2RAM:		equ 0F342H
RAM_PAGE3:	equ 000FEH
change_page3:	equ 0023DH
check_file:	equ 00187H
check_file_id:	equ 0019CH
check_file_lp:	equ 00193H
check_moon:	equ 0027EH
disp_hex:	equ 00259H
dos_dta:	equ 003B9H
driver_fcb:	equ 002E4H
file_error:	equ 0013DH
found_moon:	equ 00118H
intr_cnt:	equ 002DAH
intr_inc_cnt:	equ 002DCH
load_driver:	equ 001FAH
load_driver_eof: equ 00235H
load_driver_lp01: equ 00217H
load_file:	equ 001A0H
load_file_eof:	equ 001F2H
load_file_lp01:	equ 001C1H
loaded_bank:	equ 002DBH
main_check_file: equ 00145H
out_ch:		equ 00244H
out_lf:		equ 0024FH
restore_timi:	equ 002A7H
save_hook:	equ 002B5H
set_timi:	equ 00283H
skip_verstr:	equ 00135H
start_play:	equ 00153H
start_play_fin:	equ 00181H
start_play_lp1:	equ 00165H
start_play_lp2:	equ 00173H
str_file_error:	equ 00388H
str_format_error: equ 00395H
str_hextbl:	equ 003A9H
str_loader_name: equ 00309H
str_loading_driver: equ 00361H
str_loading_song: equ 0034FH
str_moon_fnd:	equ 00321H
str_moon_not:	equ 00336H
str_play:	equ 00375H
str_ram_error:	equ 0037CH
userint:	equ 002BAH
usrint_end:	equ 002CBH
x86_trap:	equ 00103H
